<?xml version="1.0" encoding="UTF-8"?>
<testng-results ignored="0" total="1" passed="1" failed="0" skipped="0">
  <reporter-output>
    <line>
      <![CDATA[openbrowser]]>
    </line>
    <line>
      <![CDATA[login]]>
    </line>
    <line>
      <![CDATA[Create customer]]>
    </line>
    <line>
      <![CDATA[closeBrowser]]>
    </line>
  </reporter-output>
  <suite started-at="2023-07-25T22:27:09 IST" name="Default suite" finished-at="2023-07-25T22:29:29 IST" duration-ms="139286">
    <groups>
    </groups>
    <test started-at="2023-07-25T22:27:09 IST" name="Default test" finished-at="2023-07-25T22:29:29 IST" duration-ms="139286">
      <class name="com.actitime.testscript.CustomerModule">
        <test-method is-config="true" signature="openbrowser()[pri:0, instance:com.actitime.testscript.CustomerModule@2f4948e4]" started-at="2023-07-25T22:27:10 IST" name="openbrowser" finished-at="2023-07-25T22:27:41 IST" duration-ms="31855" status="PASS">
          <reporter-output>
            <line>
              <![CDATA[openbrowser]]>
            </line>
          </reporter-output>
        </test-method> <!-- openbrowser -->
        <test-method is-config="true" signature="login()[pri:0, instance:com.actitime.testscript.CustomerModule@2f4948e4]" started-at="2023-07-25T22:27:41 IST" name="login" finished-at="2023-07-25T22:27:52 IST" duration-ms="10576" status="PASS">
          <reporter-output>
            <line>
              <![CDATA[login]]>
            </line>
          </reporter-output>
        </test-method> <!-- login -->
        <test-method signature="testCreatecustomer()[pri:0, instance:com.actitime.testscript.CustomerModule@2f4948e4]" started-at="2023-07-25T22:27:52 IST" name="testCreatecustomer" finished-at="2023-07-25T22:29:10 IST" duration-ms="78125" status="PASS">
          <reporter-output>
            <line>
              <![CDATA[Create customer]]>
            </line>
          </reporter-output>
        </test-method> <!-- testCreatecustomer -->
        <test-method is-config="true" signature="logout()[pri:0, instance:com.actitime.testscript.CustomerModule@2f4948e4]" started-at="2023-07-25T22:29:10 IST" name="logout" finished-at="2023-07-25T22:29:20 IST" duration-ms="9534" status="PASS">
          <reporter-output>
          </reporter-output>
        </test-method> <!-- logout -->
        <test-method is-config="true" signature="closeBrowser()[pri:0, instance:com.actitime.testscript.CustomerModule@2f4948e4]" started-at="2023-07-25T22:29:20 IST" name="closeBrowser" finished-at="2023-07-25T22:29:29 IST" duration-ms="8606" status="PASS">
          <reporter-output>
            <line>
              <![CDATA[closeBrowser]]>
            </line>
          </reporter-output>
        </test-method> <!-- closeBrowser -->
      </class> <!-- com.actitime.testscript.CustomerModule -->
    </test> <!-- Default test -->
  </suite> <!-- Default suite -->
</testng-results>
